<?xml version="1.0" encoding="utf-8"?><testsuites name="pytest tests"><testsuite name="pytest" errors="0" failures="0" skipped="0" tests="40" time="9.528" timestamp="2026-03-16T02:19:15.337877+00:00" hostname="agent-env-12e94348-9523-469e-a456-197b052a4f92"><testcase classname="backend.tests.test_new_features.TestHealth" name="test_root_health" time="0.161" /><testcase classname="backend.tests.test_new_features.TestAuth" name="test_register_crew" time="0.593" /><testcase classname="backend.tests.test_new_features.TestAuth" name="test_register_contractor" time="0.479" /><testcase classname="backend.tests.test_new_features.TestAuth" name="test_login_returns_jwt" time="0.283" /><testcase classname="backend.tests.test_new_features.TestAuth" name="test_login_invalid_returns_401" time="0.065" /><testcase classname="backend.tests.test_new_features.TestSubscriptionStatus" name="test_subscription_status_structure" time="0.524" /><testcase classname="backend.tests.test_new_features.TestSubscriptionStatus" name="test_subscription_status_requires_auth" time="0.061" /><testcase classname="backend.tests.test_new_features.TestProfileCompletion" name="test_profile_completion_returns_percentage_and_checks" time="0.074" /><testcase classname="backend.tests.test_new_features.TestProfileCompletion" name="test_profile_completion_requires_auth" time="0.051" /><testcase classname="backend.tests.test_new_features.TestProfileCompletion" name="test_profile_completion_reflects_trade" time="0.053" /><testcase classname="backend.tests.test_new_features.TestProfileCompletion" name="test_profile_completion_reflects_phone" time="0.052" /><testcase classname="backend.tests.test_new_features.TestOnlineStatus" name="test_set_online" time="0.057" /><testcase classname="backend.tests.test_new_features.TestOnlineStatus" name="test_set_offline" time="0.055" /><testcase classname="backend.tests.test_new_features.TestOnlineStatus" name="test_online_status_requires_auth" time="0.046" /><testcase classname="backend.tests.test_new_features.TestCrewSearch" name="test_crew_search_basic" time="0.534" /><testcase classname="backend.tests.test_new_features.TestCrewSearch" name="test_crew_search_by_trade" time="0.054" /><testcase classname="backend.tests.test_new_features.TestCrewSearch" name="test_crew_search_by_name" time="0.052" /><testcase classname="backend.tests.test_new_features.TestCrewSearch" name="test_crew_search_by_address" time="0.165" /><testcase classname="backend.tests.test_new_features.TestCrewSearch" name="test_crew_search_requires_auth" time="0.063" /><testcase classname="backend.tests.test_new_features.TestJobCreation" name="test_create_regular_job" time="0.467" /><testcase classname="backend.tests.test_new_features.TestJobCreation" name="test_create_emergency_job" time="0.176" /><testcase classname="backend.tests.test_new_features.TestJobCreation" name="test_create_job_forbidden_for_crew" time="0.077" /><testcase classname="backend.tests.test_new_features.TestJobDuplication" name="test_duplicate_job" time="0.058" /><testcase classname="backend.tests.test_new_features.TestJobDuplication" name="test_duplicate_returns_new_job_fields" time="0.050" /><testcase classname="backend.tests.test_new_features.TestJobDuplication" name="test_crew_cannot_duplicate_job" time="0.056" /><testcase classname="backend.tests.test_new_features.TestEmergencyJobAccept" name="test_accept_emergency_job" time="0.058" /><testcase classname="backend.tests.test_new_features.TestEmergencyJobAccept" name="test_second_accept_emergency_returns_409" time="1.170" /><testcase classname="backend.tests.test_new_features.TestJobWorkflow" name="test_workflow_accept" time="0.692" /><testcase classname="backend.tests.test_new_features.TestJobWorkflow" name="test_workflow_start" time="0.056" /><testcase classname="backend.tests.test_new_features.TestJobWorkflow" name="test_workflow_complete" time="0.604" /><testcase classname="backend.tests.test_new_features.TestJobWorkflow" name="test_workflow_verify" time="0.061" /><testcase classname="backend.tests.test_new_features.TestJobWorkflow" name="test_workflow_final_status_is_completed" time="0.053" /><testcase classname="backend.tests.test_new_features.TestPaymentPlans" name="test_plans_include_annual" time="0.061" /><testcase classname="backend.tests.test_new_features.TestPaymentPlans" name="test_annual_plan_values" time="0.051" /><testcase classname="backend.tests.test_new_features.TestPaymentPlans" name="test_plans_amounts_are_correct" time="0.058" /><testcase classname="backend.tests.test_new_features.TestSquarePayment" name="test_square_create_link" time="0.781" /><testcase classname="backend.tests.test_new_features.TestSquarePayment" name="test_square_create_link_invalid_plan" time="0.051" /><testcase classname="backend.tests.test_new_features.TestSquarePayment" name="test_square_create_link_requires_auth" time="0.050" /><testcase classname="backend.tests.test_new_features.TestSquarePayment" name="test_square_create_link_annual_plan" time="0.481" /><testcase classname="backend.tests.test_new_features.TestSubscriptionGating" name="test_expired_user_cannot_post_job" time="0.883" /></testsuite></testsuites>