<?xml version="1.0" encoding="utf-8"?><testsuites name="pytest tests"><testsuite name="pytest" errors="0" failures="1" skipped="0" tests="18" time="3.676" timestamp="2026-03-13T11:11:27.450788+00:00" hostname="agent-env-57ad6967-7289-4d3b-8339-f54130c60ed5"><testcase classname="backend.tests.test_api.TestHealth" name="test_root_returns_operational" time="0.215" /><testcase classname="backend.tests.test_api.TestAuth" name="test_register_crew" time="0.575" /><testcase classname="backend.tests.test_api.TestAuth" name="test_register_contractor" time="0.491" /><testcase classname="backend.tests.test_api.TestAuth" name="test_register_duplicate_email" time="0.482" /><testcase classname="backend.tests.test_api.TestAuth" name="test_login_success" time="0.274" /><testcase classname="backend.tests.test_api.TestAuth" name="test_login_invalid_credentials" time="0.055" /><testcase classname="backend.tests.test_api.TestJobs" name="test_create_job_as_contractor" time="0.624" /><testcase classname="backend.tests.test_api.TestJobs" name="test_create_job_forbidden_for_crew" time="0.049" /><testcase classname="backend.tests.test_api.TestJobs" name="test_list_jobs" time="0.061" /><testcase classname="backend.tests.test_api.TestJobs" name="test_get_job_by_id" time="0.052" /><testcase classname="backend.tests.test_api.TestJobs" name="test_accept_job_as_crew" time="0.056" /><testcase classname="backend.tests.test_api.TestJobs" name="test_cannot_accept_twice" time="0.053" /><testcase classname="backend.tests.test_api.TestJobs" name="test_list_jobs_no_auth" time="0.054"><failure message="assert 403 == 401&#10; +  where 403 = &lt;Response [403]&gt;.status_code">backend/tests/test_api.py:228: in test_list_jobs_no_auth
    assert resp.status_code == 401
E   assert 403 == 401
E    +  where 403 = &lt;Response [403]&gt;.status_code</failure></testcase><testcase classname="backend.tests.test_api.TestAdmin" name="test_get_analytics" time="0.332" /><testcase classname="backend.tests.test_api.TestAdmin" name="test_analytics_forbidden_for_crew" time="0.051" /><testcase classname="backend.tests.test_api.TestAdmin" name="test_list_users" time="0.055" /><testcase classname="backend.tests.test_api.TestPayments" name="test_get_plans" time="0.049" /><testcase classname="backend.tests.test_api.TestPayments" name="test_subscription_status" time="0.063" /></testsuite></testsuites>